
> aningdesign@1.0.0 dev
> vite --host 127.0.0.1 --port 5173


  [32m[1mVITE[22m v7.2.6[39m  [2mready in [0m[1m976[22m[2m[0m ms[22m

  [32m➜[39m  [1mLocal[22m:   [36mhttp://127.0.0.1:[1m5173[22m/[39m
[2m11:27:53 PM[22m [36m[1m[vite][22m[39m [90m[2m(client)[22m[39m [32mhmr update [39m[2m/src/pages/Blog.jsx, /src/components/blog/LatestBlogTutorials.jsx, /src/pages/BlogPost.jsx, /src/components/blog/BlogPostHeader.jsx, /src/components/blog/BlogCard.jsx[22m
[2m11:28:02 PM[22m [36m[1m[vite][22m[39m [90m[2m(client)[22m[39m [32mhmr update [39m[2m/src/pages/BlogPost.jsx[22m
[2m11:34:13 PM[22m [36m[1m[vite][22m[39m [90m[2m(client)[22m[39m [32mhmr update [39m[2m/src/pages/Blog.jsx, /src/components/blog/LatestBlogTutorials.jsx, /src/pages/BlogPost.jsx, /src/components/blog/BlogPostHeader.jsx, /src/components/blog/BlogCard.jsx[22m
[2m11:43:08 PM[22m [36m[1m[vite][22m[39m [90m[2m(client)[22m[39m [32mhmr update [39m[2m/src/pages/Blog.jsx, /src/components/blog/LatestBlogTutorials.jsx, /src/pages/BlogPost.jsx, /src/components/blog/BlogPostHeader.jsx, /src/components/blog/BlogCard.jsx[22m
[2m11:48:07 PM[22m [36m[1m[vite][22m[39m [90m[2m(client)[22m[39m [32mhmr update [39m[2m/src/pages/Blog.jsx, /src/components/blog/LatestBlogTutorials.jsx, /src/pages/BlogPost.jsx, /src/components/blog/BlogPostHeader.jsx, /src/components/blog/BlogCard.jsx[22m
[2m11:49:02 PM[22m [36m[1m[vite][22m[39m [90m[2m(client)[22m[39m [32mhmr update [39m[2m/src/pages/Blog.jsx, /src/components/blog/LatestBlogTutorials.jsx, /src/pages/BlogPost.jsx, /src/components/blog/BlogPostHeader.jsx, /src/components/blog/BlogCard.jsx[22m
[2m11:54:12 PM[22m [36m[1m[vite][22m[39m [90m[2m(client)[22m[39m [32mhmr update [39m[2m/src/pages/Blog.jsx, /src/components/blog/LatestBlogTutorials.jsx, /src/pages/BlogPost.jsx, /src/components/blog/BlogPostHeader.jsx, /src/components/blog/BlogCard.jsx[22m
[2m11:54:12 PM[22m [36m[1m[vite][22m[39m [90m[2m(client)[22m[39m [32mhmr update [39m[2m/src/pages/Blog.jsx, /src/components/blog/LatestBlogTutorials.jsx, /src/pages/BlogPost.jsx, /src/components/blog/BlogPostHeader.jsx, /src/components/blog/BlogCard.jsx[22m
[2m11:54:27 PM[22m [36m[1m[vite][22m[39m [90m[2m(client)[22m[39m [32mhmr update [39m[2m/src/pages/Blog.jsx, /src/components/blog/LatestBlogTutorials.jsx, /src/pages/BlogPost.jsx, /src/components/blog/BlogPostHeader.jsx, /src/components/blog/BlogCard.jsx[22m
[2m12:00:37 AM[22m [36m[1m[vite][22m[39m [90m[2m(client)[22m[39m [32mhmr update [39m[2m/src/components/Header.jsx[22m
[2m12:00:48 AM[22m [36m[1m[vite][22m[39m [90m[2m(client)[22m[39m [32mhmr update [39m[2m/src/components/Header.css[22m
[2m12:01:01 AM[22m [36m[1m[vite][22m[39m [90m[2m(client)[22m[39m [32mhmr update [39m[2m/src/components/Blueprint.jsx[22m
[2m12:01:24 AM[22m [36m[1m[vite][22m[39m [90m[2m(client)[22m[39m [32mhmr update [39m[2m/src/components/Blueprint.css[22m
[2m1:41:51 PM[22m [36m[1m[vite][22m[39m [90m[2m(client)[22m[39m [32mhmr update [39m[2m/src/components/Contact.jsx[22m
[2m1:41:52 PM[22m [36m[1m[vite][22m[39m [90m[2m(client)[22m[39m [32mhmr update [39m[2m/src/components/Contact.jsx[22m
[2m1:41:52 PM[22m [36m[1m[vite][22m[39m [90m[2m(client)[22m[39m [32mhmr update [39m[2m/src/App.jsx, /src/pages/Blog.jsx, /src/pages/BlogPost.jsx[22m
[2m1:41:52 PM[22m [36m[1m[vite][22m[39m [90m[2m(client)[22m[39m [32mhmr update [39m[2m/src/App.jsx[22m
[2m1:46:36 PM[22m [36m[1m[vite][22m[39m [90m[2m(client)[22m[39m [32mhmr update [39m[2m/src/components/Blueprint.jsx[22m
[2m1:46:36 PM[22m [36m[1m[vite][22m[39m [90m[2m(client)[22m[39m [32mhmr update [39m[2m/src/components/Blueprint.css[22m
[2m1:47:03 PM[22m [36m[1m[vite][22m[39m [90m[2m(client)[22m[39m [32mhmr update [39m[2m/src/components/Blueprint.css[22m
[2m4:07:47 PM[22m [36m[1m[vite][22m[39m [90m[2m(client)[22m[39m [32mpage reload [39m[2msrc/content/blog/wordpress/elementor-free-ai-custom-wordpress-sections-without-pro.md[22m
[2m4:07:47 PM[22m [36m[1m[vite][22m[39m [90m[2m(client)[22m[39m [32mhmr update [39m[2m/src/pages/Blog.jsx, /src/components/blog/LatestBlogTutorials.jsx, /src/pages/BlogPost.jsx, /src/components/blog/BlogPostHeader.jsx, /src/components/blog/BlogCard.jsx[22m
[2m4:08:45 PM[22m [36m[1m[vite][22m[39m [90m[2m(client)[22m[39m [32mhmr update [39m[2m/src/pages/Blog.jsx, /src/components/blog/LatestBlogTutorials.jsx, /src/pages/BlogPost.jsx, /src/components/blog/BlogPostHeader.jsx, /src/components/blog/BlogCard.jsx[22m
[2m4:08:45 PM[22m [36m[1m[vite][22m[39m [90m[2m(client)[22m[39m [32mhmr update [39m[2m/src/pages/Blog.jsx, /src/components/blog/LatestBlogTutorials.jsx, /src/pages/BlogPost.jsx, /src/components/blog/BlogPostHeader.jsx, /src/components/blog/BlogCard.jsx[22m
[2m4:08:45 PM[22m [36m[1m[vite][22m[39m [90m[2m(client)[22m[39m [32mhmr update [39m[2m/src/pages/Blog.jsx, /src/components/blog/LatestBlogTutorials.jsx, /src/pages/BlogPost.jsx, /src/components/blog/BlogPostHeader.jsx, /src/components/blog/BlogCard.jsx[22m
[2m4:14:35 PM[22m [36m[1m[vite][22m[39m [90m[2m(client)[22m[39m [32mhmr update [39m[2m/src/components/Header.css[22m
[2m4:14:35 PM[22m [36m[1m[vite][22m[39m [90m[2m(client)[22m[39m [32mhmr update [39m[2m/src/components/Header.css[22m
[2m4:16:36 PM[22m [36m[1m[vite][22m[39m [90m[2m(client)[22m[39m [32mpage reload [39m[2msrc/content/blog/wordpress/elementor-free-ai-custom-wordpress-sections-without-pro.md[22m
[2m4:18:41 PM[22m [36m[1m[vite][22m[39m [90m[2m(client)[22m[39m [32mhmr update [39m[2m/src/components/Services.jsx[22m
[2m4:18:53 PM[22m [36m[1m[vite][22m[39m [90m[2m(client)[22m[39m [32mhmr update [39m[2m/src/components/Services.jsx[22m
[2m4:18:56 PM[22m [36m[1m[vite][22m[39m [90m[2m(client)[22m[39m [32mhmr update [39m[2m/src/components/Services.jsx[22m
[2m4:18:57 PM[22m [36m[1m[vite][22m[39m [90m[2m(client)[22m[39m [32mhmr update [39m[2m/src/components/Services.jsx[22m
[2m4:19:01 PM[22m [36m[1m[vite][22m[39m [90m[2m(client)[22m[39m [32mhmr update [39m[2m/src/components/Services.jsx[22m
[2m4:19:27 PM[22m [36m[1m[vite][22m[39m [90m[2m(client)[22m[39m [32mhmr update [39m[2m/src/components/Services.jsx[22m
[2m4:19:27 PM[22m [36m[1m[vite][22m[39m [90m[2m(client)[22m[39m [32mhmr update [39m[2m/src/components/Services.jsx[22m
[2m4:19:31 PM[22m [36m[1m[vite][22m[39m [90m[2m(client)[22m[39m [32mhmr update [39m[2m/src/components/Services.jsx[22m
[2m4:19:31 PM[22m [36m[1m[vite][22m[39m [90m[2m(client)[22m[39m [32mhmr update [39m[2m/src/components/Services.jsx[22m
[2m4:19:34 PM[22m [36m[1m[vite][22m[39m [90m[2m(client)[22m[39m [32mhmr update [39m[2m/src/components/Services.jsx[22m
[2m4:19:34 PM[22m [36m[1m[vite][22m[39m [90m[2m(client)[22m[39m [32mhmr update [39m[2m/src/components/Services.jsx[22m
[2m4:19:42 PM[22m [36m[1m[vite][22m[39m [90m[2m(client)[22m[39m [32mhmr update [39m[2m/src/components/Services.jsx[22m
[2m4:19:46 PM[22m [36m[1m[vite][22m[39m [90m[2m(client)[22m[39m [32mhmr update [39m[2m/src/components/Services.jsx[22m
[2m4:19:58 PM[22m [36m[1m[vite][22m[39m [90m[2m(client)[22m[39m [32mhmr update [39m[2m/src/components/Services.jsx[22m
[2m4:19:59 PM[22m [36m[1m[vite][22m[39m [90m[2m(client)[22m[39m [32mhmr update [39m[2m/src/components/Services.jsx[22m
[2m4:20:01 PM[22m [36m[1m[vite][22m[39m [90m[2m(client)[22m[39m [32mhmr update [39m[2m/src/components/Services.jsx[22m
[2m4:20:24 PM[22m [36m[1m[vite][22m[39m [90m[2m(client)[22m[39m [32mhmr update [39m[2m/src/components/Services.jsx[22m
[2m4:20:24 PM[22m [36m[1m[vite][22m[39m [90m[2m(client)[22m[39m [32mhmr update [39m[2m/src/components/Services.jsx[22m
[2m4:20:27 PM[22m [36m[1m[vite][22m[39m [90m[2m(client)[22m[39m [32mhmr update [39m[2m/src/components/Services.jsx[22m
[2m4:20:30 PM[22m [36m[1m[vite][22m[39m [90m[2m(client)[22m[39m [32mhmr update [39m[2m/src/components/Services.jsx[22m
[2m4:20:34 PM[22m [36m[1m[vite][22m[39m [90m[2m(client)[22m[39m [32mhmr update [39m[2m/src/components/Services.jsx[22m
[2m4:20:34 PM[22m [36m[1m[vite][22m[39m [90m[2m(client)[22m[39m [32mhmr update [39m[2m/src/components/Services.jsx[22m
[2m4:20:36 PM[22m [36m[1m[vite][22m[39m [90m[2m(client)[22m[39m [32mhmr update [39m[2m/src/components/Services.jsx[22m
[2m4:20:36 PM[22m [36m[1m[vite][22m[39m [90m[2m(client)[22m[39m [32mhmr update [39m[2m/src/components/Services.jsx[22m
[2m4:20:43 PM[22m [36m[1m[vite][22m[39m [90m[2m(client)[22m[39m [32mhmr update [39m[2m/src/components/Services.jsx[22m
[2m4:20:51 PM[22m [36m[1m[vite][22m[39m [90m[2m(client)[22m[39m [32mhmr update [39m[2m/src/components/Services.jsx[22m
[2m4:20:51 PM[22m [36m[1m[vite][22m[39m [90m[2m(client)[22m[39m [32mhmr update [39m[2m/src/components/Services.jsx[22m
[2m4:20:53 PM[22m [36m[1m[vite][22m[39m [90m[2m(client)[22m[39m [32mhmr update [39m[2m/src/components/Services.jsx[22m
[2m4:20:53 PM[22m [36m[1m[vite][22m[39m [90m[2m(client)[22m[39m [32mhmr update [39m[2m/src/components/Services.jsx[22m
[2m4:20:55 PM[22m [36m[1m[vite][22m[39m [90m[2m(client)[22m[39m [32mhmr update [39m[2m/src/components/Services.jsx[22m
[2m4:20:58 PM[22m [36m[1m[vite][22m[39m [90m[2m(client)[22m[39m [32mhmr update [39m[2m/src/components/Services.jsx[22m
[2m4:21:01 PM[22m [36m[1m[vite][22m[39m [90m[2m(client)[22m[39m [32mhmr update [39m[2m/src/components/Services.jsx[22m
[2m4:21:05 PM[22m [36m[1m[vite][22m[39m [90m[2m(client)[22m[39m [32mhmr update [39m[2m/src/components/Services.jsx[22m
[2m4:21:12 PM[22m [36m[1m[vite][22m[39m [90m[2m(client)[22m[39m [32mhmr update [39m[2m/src/components/Services.jsx[22m
[2m4:21:16 PM[22m [36m[1m[vite][22m[39m [90m[2m(client)[22m[39m [32mhmr update [39m[2m/src/components/Services.jsx[22m
[2m4:21:16 PM[22m [36m[1m[vite][22m[39m [90m[2m(client)[22m[39m [32mhmr update [39m[2m/src/components/Services.jsx[22m
[2m4:21:23 PM[22m [36m[1m[vite][22m[39m [90m[2m(client)[22m[39m [32mhmr update [39m[2m/src/components/Services.jsx[22m
[2m4:21:28 PM[22m [36m[1m[vite][22m[39m [90m[2m(client)[22m[39m [32mhmr update [39m[2m/src/components/Services.jsx[22m
[2m4:21:31 PM[22m [36m[1m[vite][22m[39m [90m[2m(client)[22m[39m [32mhmr update [39m[2m/src/components/Services.jsx[22m
[2m4:21:34 PM[22m [36m[1m[vite][22m[39m [90m[2m(client)[22m[39m [32mhmr update [39m[2m/src/components/Services.jsx[22m
[2m4:21:34 PM[22m [36m[1m[vite][22m[39m [90m[2m(client)[22m[39m [32mhmr update [39m[2m/src/components/Services.jsx[22m
[2m4:21:41 PM[22m [36m[1m[vite][22m[39m [90m[2m(client)[22m[39m [32mhmr update [39m[2m/src/components/Services.jsx[22m
[2m4:21:42 PM[22m [36m[1m[vite][22m[39m [90m[2m(client)[22m[39m [32mhmr update [39m[2m/src/components/Services.jsx[22m
[2m4:21:54 PM[22m [36m[1m[vite][22m[39m [90m[2m(client)[22m[39m [32mhmr update [39m[2m/src/components/Services.jsx[22m
[2m4:21:54 PM[22m [36m[1m[vite][22m[39m [90m[2m(client)[22m[39m [32mhmr update [39m[2m/src/components/Services.jsx[22m
[2m4:21:55 PM[22m [36m[1m[vite][22m[39m [90m[2m(client)[22m[39m [32mhmr update [39m[2m/src/components/Services.jsx[22m
[2m4:21:55 PM[22m [36m[1m[vite][22m[39m [90m[2m(client)[22m[39m [32mhmr update [39m[2m/src/components/Services.jsx[22m
[2m4:22:00 PM[22m [36m[1m[vite][22m[39m [90m[2m(client)[22m[39m [32mhmr update [39m[2m/src/components/Services.jsx[22m
[2m4:22:00 PM[22m [36m[1m[vite][22m[39m [90m[2m(client)[22m[39m [32mhmr update [39m[2m/src/components/Services.jsx[22m
[2m4:22:05 PM[22m [36m[1m[vite][22m[39m [90m[2m(client)[22m[39m [32mhmr update [39m[2m/src/components/Services.jsx[22m
[2m4:22:08 PM[22m [36m[1m[vite][22m[39m [90m[2m(client)[22m[39m [32mhmr update [39m[2m/src/components/Services.jsx[22m
[2m4:22:59 PM[22m [36m[1m[vite][22m[39m [90m[2m(client)[22m[39m [32mhmr update [39m[2m/src/components/Services.jsx[22m
[2m4:23:00 PM[22m [36m[1m[vite][22m[39m [90m[2m(client)[22m[39m [32mhmr update [39m[2m/src/components/Services.jsx[22m
[2m4:23:03 PM[22m [36m[1m[vite][22m[39m [90m[2m(client)[22m[39m [32mhmr update [39m[2m/src/components/Services.jsx[22m
[2m4:23:03 PM[22m [36m[1m[vite][22m[39m [90m[2m(client)[22m[39m [32mhmr update [39m[2m/src/components/Services.jsx[22m
[2m4:23:07 PM[22m [36m[1m[vite][22m[39m [90m[2m(client)[22m[39m [32mhmr update [39m[2m/src/components/Services.jsx[22m
[2m4:23:13 PM[22m [36m[1m[vite][22m[39m [90m[2m(client)[22m[39m [32mhmr update [39m[2m/src/pages/Blog.jsx, /src/components/blog/LatestBlogTutorials.jsx, /src/pages/BlogPost.jsx, /src/components/blog/BlogPostHeader.jsx, /src/components/blog/BlogCard.jsx[22m
[2m4:23:13 PM[22m [36m[1m[vite][22m[39m [90m[2m(client)[22m[39m [32mhmr update [39m[2m/src/pages/Blog.jsx, /src/components/blog/LatestBlogTutorials.jsx, /src/pages/BlogPost.jsx, /src/components/blog/BlogPostHeader.jsx, /src/components/blog/BlogCard.jsx[22m
[2m4:25:35 PM[22m [36m[1m[vite][22m[39m [90m[2m(client)[22m[39m [32mhmr update [39m[2m/src/components/Header.jsx[22m
[2m4:25:35 PM[22m [36m[1m[vite][22m[39m [90m[2m(client)[22m[39m [32mhmr update [39m[2m/src/components/Header.css[22m
[2m4:26:31 PM[22m [36m[1m[vite][22m[39m [90m[2m(client)[22m[39m [32mhmr update [39m[2m/src/components/blog/BlogPostHeader.css[22m
[2m4:55:04 PM[22m [36m[1m[vite][22m[39m [90m[2m(client)[22m[39m [32mhmr update [39m[2m/src/components/Skills.jsx[22m
[2m4:55:04 PM[22m [36m[1m[vite][22m[39m [90m[2m(client)[22m[39m [32mhmr update [39m[2m/src/components/Skills.css[22m
